<?xml version="1.0" encoding="UTF-8"?>
<!-- Generated by org.testng.reporters.JUnitReportReporter -->
<testsuite hostname="DESKTOP-IQ8BD54" failures="0" tests="1" name="DemoTestCase.ExcelFetch" time="1.712" errors="0" timestamp="2024-08-08T23:28:58 IST" skipped="0">
  <testcase classname="DemoTestCase.ExcelFetch" name="m1" time="1.712"/>
  <system-out/>
</testsuite> <!-- DemoTestCase.ExcelFetch -->
