<?xml version="1.0" encoding="UTF-8"?>
<!-- Generated by org.testng.reporters.JUnitReportReporter -->
<testsuite hostname="DESKTOP-IQ8BD54" failures="0" tests="1" name="com.Ecommerce.TestCase1" time="6.944" errors="0" timestamp="2024-08-05T12:13:32 IST" skipped="0">
  <testcase classname="com.Ecommerce.TestCase1" name="test1" time="6.944"/>
  <system-out/>
</testsuite> <!-- com.Ecommerce.TestCase1 -->
