<?xml version="1.0" encoding="UTF-8"?>
<!-- Generated by org.testng.reporters.JUnitReportReporter -->
<testsuite hostname="DESKTOP-IQ8BD54" failures="0" tests="1" name="com.Ecommerce.MensProudct.MensShirtProudctTest" time="0.002" errors="0" timestamp="2024-08-08T10:45:44 IST" skipped="0">
  <testcase classname="com.Ecommerce.MensProudct.MensShirtProudctTest" name="addToCart" time="0.002"/>
  <system-out>
    <![CDATA[AddToCart Prouduct SucessFully]]>
  </system-out>
</testsuite> <!-- com.Ecommerce.MensProudct.MensShirtProudctTest -->
