<?xml version="1.0" encoding="UTF-8"?>
<!-- Generated by org.testng.reporters.JUnitReportReporter -->
<testsuite hostname="DESKTOP-IQ8BD54" failures="0" tests="3" name="com.Ecommerce.DataProviderTest" time="2.106" errors="0" timestamp="2024-08-07T12:45:45 IST" skipped="0">
  <testcase classname="com.Ecommerce.DataProviderTest" name="uderInvalidData" time="0.638"/>
  <system-out>
    <![CDATA[uderInvalidData]]>
  </system-out>
  <testcase classname="com.Ecommerce.DataProviderTest" name="uderInvalidData" time="0.869"/>
  <system-out>
    <![CDATA[uderInvalidData]]>
  </system-out>
  <testcase classname="com.Ecommerce.DataProviderTest" name="uderInvalidData" time="0.599"/>
  <system-out>
    <![CDATA[uderInvalidData]]>
  </system-out>
</testsuite> <!-- com.Ecommerce.DataProviderTest -->
